{"F:\\New folder\\tudi\\app.js": {"path":"F:\\New folder\\tudi\\app.js","statementMap":{"0":{"start":{"line":5,"column":2},"end":{"line":8,"column":3}},"1":{"start":{"line":6,"column":4},"end":{"line":6,"column":87}},"2":{"start":{"line":7,"column":4},"end":{"line":7,"column":11}},"3":{"start":{"line":10,"column":2},"end":{"line":19,"column":14}},"4":{"start":{"line":12,"column":15},"end":{"line":17,"column":3}},"5":{"start":{"line":23,"column":2},"end":{"line":31,"column":3}},"6":{"start":{"line":24,"column":4},"end":{"line":30,"column":6}},"7":{"start":{"line":35,"column":0},"end":{"line":38,"column":2}}},"fnMap":{"0":{"name":"renderFaqs","decl":{"start":{"line":4,"column":9},"end":{"line":4,"column":19}},"loc":{"start":{"line":4,"column":44},"end":{"line":20,"column":1}},"line":4},"1":{"name":"(anonymous_1)","decl":{"start":{"line":12,"column":6},"end":{"line":12,"column":7}},"loc":{"start":{"line":12,"column":15},"end":{"line":17,"column":3}},"line":12},"2":{"name":"renderState","decl":{"start":{"line":22,"column":9},"end":{"line":22,"column":20}},"loc":{"start":{"line":22,"column":50},"end":{"line":32,"column":1}},"line":22}},"branchMap":{"0":{"loc":{"start":{"line":4,"column":20},"end":{"line":4,"column":29}},"type":"default-arg","locations":[{"start":{"line":4,"column":27},"end":{"line":4,"column":29}}],"line":4},"1":{"loc":{"start":{"line":5,"column":2},"end":{"line":8,"column":3}},"type":"if","locations":[{"start":{"line":5,"column":2},"end":{"line":8,"column":3}},{"start":{},"end":{}}],"line":5},"2":{"loc":{"start":{"line":23,"column":2},"end":{"line":31,"column":3}},"type":"if","locations":[{"start":{"line":23,"column":2},"end":{"line":31,"column":3}},{"start":{},"end":{}}],"line":23}},"s":{"0":2,"1":1,"2":1,"3":1,"4":2,"5":1,"6":1,"7":1},"f":{"0":2,"1":2,"2":1},"b":{"0":[0],"1":[1,1],"2":[1,0]},"_coverageSchema":"1a1c01bbd47fc00a2c39e90264f33305004495a9","hash":"2a92f304a4799106a35d00fc72fba8fd3315dc7d"}
}
